{"level":30,"time":"2023-10-16T17:08:12.265Z","pid":15564,"hostname":"DESKTOP-9MND26K","name":"app","msg":"Database connection successful"}
{"level":30,"time":"2023-10-16T17:08:12.650Z","pid":15564,"hostname":"DESKTOP-9MND26K","name":"app","msg":"New database created."}
{"level":30,"time":"2023-10-16T17:08:12.650Z","pid":15564,"hostname":"DESKTOP-9MND26K","name":"app","msg":"Cache Initiated"}
{"level":30,"time":"2023-10-16T17:08:12.662Z","pid":15564,"hostname":"DESKTOP-9MND26K","name":"app","msg":"Server running on http://localhost:4000"}
{"level":30,"time":"2023-10-16T17:08:46.656Z","pid":8932,"hostname":"DESKTOP-9MND26K","name":"app","msg":"Database connection successful"}
{"level":30,"time":"2023-10-16T17:08:46.726Z","pid":8932,"hostname":"DESKTOP-9MND26K","name":"app","msg":"Existing database used."}
{"level":30,"time":"2023-10-16T17:08:46.726Z","pid":8932,"hostname":"DESKTOP-9MND26K","name":"app","msg":"Cache Initiated"}
{"level":30,"time":"2023-10-16T17:08:46.739Z","pid":8932,"hostname":"DESKTOP-9MND26K","name":"app","msg":"Server running on http://localhost:4000"}
{"level":30,"time":"2023-10-16T17:10:09.010Z","pid":15752,"hostname":"DESKTOP-9MND26K","name":"app","msg":"Database connection successful"}
{"level":30,"time":"2023-10-16T17:10:09.068Z","pid":15752,"hostname":"DESKTOP-9MND26K","name":"app","msg":"Existing database used."}
{"level":30,"time":"2023-10-16T17:10:09.069Z","pid":15752,"hostname":"DESKTOP-9MND26K","name":"app","msg":"Cache Initiated"}
{"level":30,"time":"2023-10-16T17:10:09.086Z","pid":15752,"hostname":"DESKTOP-9MND26K","name":"app","msg":"Server running on http://localhost:4000"}
{"level":30,"time":"2023-10-16T17:10:40.192Z","pid":5960,"hostname":"DESKTOP-9MND26K","name":"app","msg":"Database connection successful"}
{"level":30,"time":"2023-10-16T17:10:40.254Z","pid":5960,"hostname":"DESKTOP-9MND26K","name":"app","msg":"Existing database used."}
{"level":30,"time":"2023-10-16T17:10:40.254Z","pid":5960,"hostname":"DESKTOP-9MND26K","name":"app","msg":"Cache Initiated"}
{"level":30,"time":"2023-10-16T17:10:40.266Z","pid":5960,"hostname":"DESKTOP-9MND26K","name":"app","msg":"Server running on http://localhost:4000"}
{"level":30,"time":"2023-10-16T17:10:55.879Z","pid":4104,"hostname":"DESKTOP-9MND26K","name":"app","msg":"Database connection successful"}
{"level":30,"time":"2023-10-16T17:10:55.948Z","pid":4104,"hostname":"DESKTOP-9MND26K","name":"app","msg":"Existing database used."}
{"level":30,"time":"2023-10-16T17:10:55.948Z","pid":4104,"hostname":"DESKTOP-9MND26K","name":"app","msg":"Cache Initiated"}
{"level":30,"time":"2023-10-16T17:10:55.960Z","pid":4104,"hostname":"DESKTOP-9MND26K","name":"app","msg":"Server running on http://localhost:4000"}
{"level":30,"time":"2023-10-16T17:11:19.254Z","pid":15484,"hostname":"DESKTOP-9MND26K","name":"app","msg":"Database connection successful"}
{"level":30,"time":"2023-10-16T17:11:19.317Z","pid":15484,"hostname":"DESKTOP-9MND26K","name":"app","msg":"Existing database used."}
{"level":30,"time":"2023-10-16T17:11:19.317Z","pid":15484,"hostname":"DESKTOP-9MND26K","name":"app","msg":"Cache Initiated"}
{"level":30,"time":"2023-10-16T17:11:19.330Z","pid":15484,"hostname":"DESKTOP-9MND26K","name":"app","msg":"Server running on http://localhost:4000"}
{"level":30,"time":"2023-10-16T17:11:29.794Z","pid":9652,"hostname":"DESKTOP-9MND26K","name":"app","msg":"Database connection successful"}
{"level":30,"time":"2023-10-16T17:11:29.887Z","pid":9652,"hostname":"DESKTOP-9MND26K","name":"app","msg":"Existing database used."}
{"level":30,"time":"2023-10-16T17:11:29.887Z","pid":9652,"hostname":"DESKTOP-9MND26K","name":"app","msg":"Cache Initiated"}
{"level":30,"time":"2023-10-16T17:11:29.904Z","pid":9652,"hostname":"DESKTOP-9MND26K","name":"app","msg":"Server running on http://localhost:4000"}
{"level":30,"time":"2023-10-16T17:11:41.380Z","pid":10540,"hostname":"DESKTOP-9MND26K","name":"app","msg":"Database connection successful"}
{"level":30,"time":"2023-10-16T17:11:41.446Z","pid":10540,"hostname":"DESKTOP-9MND26K","name":"app","msg":"Existing database used."}
{"level":30,"time":"2023-10-16T17:11:41.447Z","pid":10540,"hostname":"DESKTOP-9MND26K","name":"app","msg":"Cache Initiated"}
{"level":30,"time":"2023-10-16T17:11:41.459Z","pid":10540,"hostname":"DESKTOP-9MND26K","name":"app","msg":"Server running on http://localhost:4000"}
{"level":30,"time":"2023-10-16T17:13:33.950Z","pid":284,"hostname":"DESKTOP-9MND26K","name":"app","msg":"Database connection successful"}
{"level":30,"time":"2023-10-16T17:13:34.012Z","pid":284,"hostname":"DESKTOP-9MND26K","name":"app","msg":"Existing database used."}
{"level":30,"time":"2023-10-16T17:13:34.013Z","pid":284,"hostname":"DESKTOP-9MND26K","name":"app","msg":"Cache Initiated"}
{"level":30,"time":"2023-10-16T17:13:34.031Z","pid":284,"hostname":"DESKTOP-9MND26K","name":"app","msg":"Server running on http://localhost:4000"}
{"level":30,"time":"2023-10-16T17:13:38.746Z","pid":12932,"hostname":"DESKTOP-9MND26K","name":"app","msg":"Database connection successful"}
{"level":30,"time":"2023-10-16T17:13:38.810Z","pid":12932,"hostname":"DESKTOP-9MND26K","name":"app","msg":"Existing database used."}
{"level":30,"time":"2023-10-16T17:13:38.810Z","pid":12932,"hostname":"DESKTOP-9MND26K","name":"app","msg":"Cache Initiated"}
{"level":30,"time":"2023-10-16T17:13:38.823Z","pid":12932,"hostname":"DESKTOP-9MND26K","name":"app","msg":"Server running on http://localhost:4000"}
{"level":30,"time":"2023-10-16T17:14:00.848Z","pid":7444,"hostname":"DESKTOP-9MND26K","name":"app","msg":"Database connection successful"}
{"level":30,"time":"2023-10-16T17:14:00.908Z","pid":7444,"hostname":"DESKTOP-9MND26K","name":"app","msg":"Existing database used."}
{"level":30,"time":"2023-10-16T17:14:00.908Z","pid":7444,"hostname":"DESKTOP-9MND26K","name":"app","msg":"Cache Initiated"}
{"level":30,"time":"2023-10-16T17:14:00.926Z","pid":7444,"hostname":"DESKTOP-9MND26K","name":"app","msg":"Server running on http://localhost:4000"}
{"level":30,"time":"2023-10-16T17:15:43.411Z","pid":15104,"hostname":"DESKTOP-9MND26K","name":"app","msg":"Database connection successful"}
{"level":30,"time":"2023-10-16T17:15:43.480Z","pid":15104,"hostname":"DESKTOP-9MND26K","name":"app","msg":"Existing database used."}
{"level":30,"time":"2023-10-16T17:15:43.481Z","pid":15104,"hostname":"DESKTOP-9MND26K","name":"app","msg":"Cache Initiated"}
{"level":30,"time":"2023-10-16T17:15:43.494Z","pid":15104,"hostname":"DESKTOP-9MND26K","name":"app","msg":"Server running on http://localhost:4000"}
{"level":30,"time":"2023-10-16T17:16:41.755Z","pid":4940,"hostname":"DESKTOP-9MND26K","name":"app","msg":"Database connection successful"}
{"level":30,"time":"2023-10-16T17:16:41.816Z","pid":4940,"hostname":"DESKTOP-9MND26K","name":"app","msg":"Existing database used."}
{"level":30,"time":"2023-10-16T17:16:41.817Z","pid":4940,"hostname":"DESKTOP-9MND26K","name":"app","msg":"Cache Initiated"}
{"level":30,"time":"2023-10-16T17:16:41.829Z","pid":4940,"hostname":"DESKTOP-9MND26K","name":"app","msg":"Server running on http://localhost:4000"}
{"level":30,"time":"2023-10-16T17:17:48.725Z","pid":12580,"hostname":"DESKTOP-9MND26K","name":"app","msg":"Database connection successful"}
{"level":30,"time":"2023-10-16T17:17:48.790Z","pid":12580,"hostname":"DESKTOP-9MND26K","name":"app","msg":"Existing database used."}
{"level":30,"time":"2023-10-16T17:17:48.790Z","pid":12580,"hostname":"DESKTOP-9MND26K","name":"app","msg":"Cache Initiated"}
{"level":30,"time":"2023-10-16T17:17:48.803Z","pid":12580,"hostname":"DESKTOP-9MND26K","name":"app","msg":"Server running on http://localhost:4000"}
{"level":30,"time":"2023-10-16T17:18:46.707Z","pid":7348,"hostname":"DESKTOP-9MND26K","name":"app","msg":"Database connection successful"}
{"level":30,"time":"2023-10-16T17:18:46.775Z","pid":7348,"hostname":"DESKTOP-9MND26K","name":"app","msg":"Existing database used."}
{"level":30,"time":"2023-10-16T17:18:46.776Z","pid":7348,"hostname":"DESKTOP-9MND26K","name":"app","msg":"Cache Initiated"}
{"level":30,"time":"2023-10-16T17:18:46.794Z","pid":7348,"hostname":"DESKTOP-9MND26K","name":"app","msg":"Server running on http://localhost:4000"}
{"level":30,"time":"2023-10-16T17:19:09.384Z","pid":7752,"hostname":"DESKTOP-9MND26K","name":"app","msg":"Database connection successful"}
{"level":30,"time":"2023-10-16T17:19:09.452Z","pid":7752,"hostname":"DESKTOP-9MND26K","name":"app","msg":"Existing database used."}
{"level":30,"time":"2023-10-16T17:19:09.452Z","pid":7752,"hostname":"DESKTOP-9MND26K","name":"app","msg":"Cache Initiated"}
{"level":30,"time":"2023-10-16T17:19:09.465Z","pid":7752,"hostname":"DESKTOP-9MND26K","name":"app","msg":"Server running on http://localhost:4000"}
{"level":30,"time":"2023-10-16T17:19:57.228Z","pid":13892,"hostname":"DESKTOP-9MND26K","name":"app","msg":"Database connection successful"}
{"level":30,"time":"2023-10-16T17:19:57.287Z","pid":13892,"hostname":"DESKTOP-9MND26K","name":"app","msg":"Existing database used."}
{"level":30,"time":"2023-10-16T17:19:57.287Z","pid":13892,"hostname":"DESKTOP-9MND26K","name":"app","msg":"Cache Initiated"}
{"level":30,"time":"2023-10-16T17:19:57.307Z","pid":13892,"hostname":"DESKTOP-9MND26K","name":"app","msg":"Server running on http://localhost:4000"}
{"level":30,"time":"2023-10-16T17:20:41.691Z","pid":11224,"hostname":"DESKTOP-9MND26K","name":"app","msg":"Database connection successful"}
{"level":30,"time":"2023-10-16T17:20:41.773Z","pid":11224,"hostname":"DESKTOP-9MND26K","name":"app","msg":"Existing database used."}
{"level":30,"time":"2023-10-16T17:20:41.773Z","pid":11224,"hostname":"DESKTOP-9MND26K","name":"app","msg":"Cache Initiated"}
{"level":30,"time":"2023-10-16T17:20:41.786Z","pid":11224,"hostname":"DESKTOP-9MND26K","name":"app","msg":"Server running on http://localhost:4000"}
{"level":30,"time":"2023-10-16T17:21:54.261Z","pid":4888,"hostname":"DESKTOP-9MND26K","name":"app","msg":"Database connection successful"}
{"level":30,"time":"2023-10-16T17:21:54.342Z","pid":4888,"hostname":"DESKTOP-9MND26K","name":"app","msg":"Existing database used."}
{"level":30,"time":"2023-10-16T17:21:54.343Z","pid":4888,"hostname":"DESKTOP-9MND26K","name":"app","msg":"Cache Initiated"}
{"level":30,"time":"2023-10-16T17:21:54.355Z","pid":4888,"hostname":"DESKTOP-9MND26K","name":"app","msg":"Server running on http://localhost:4000"}
{"level":30,"time":"2023-10-16T17:22:00.779Z","pid":9856,"hostname":"DESKTOP-9MND26K","name":"app","msg":"Database connection successful"}
{"level":30,"time":"2023-10-16T17:22:00.857Z","pid":9856,"hostname":"DESKTOP-9MND26K","name":"app","msg":"Existing database used."}
{"level":30,"time":"2023-10-16T17:22:00.858Z","pid":9856,"hostname":"DESKTOP-9MND26K","name":"app","msg":"Cache Initiated"}
{"level":30,"time":"2023-10-16T17:22:00.870Z","pid":9856,"hostname":"DESKTOP-9MND26K","name":"app","msg":"Server running on http://localhost:4000"}
{"level":30,"time":"2023-10-16T17:22:12.591Z","pid":10168,"hostname":"DESKTOP-9MND26K","name":"app","msg":"Database connection successful"}
{"level":30,"time":"2023-10-16T17:22:12.653Z","pid":10168,"hostname":"DESKTOP-9MND26K","name":"app","msg":"Existing database used."}
{"level":30,"time":"2023-10-16T17:22:12.653Z","pid":10168,"hostname":"DESKTOP-9MND26K","name":"app","msg":"Cache Initiated"}
{"level":30,"time":"2023-10-16T17:22:12.665Z","pid":10168,"hostname":"DESKTOP-9MND26K","name":"app","msg":"Server running on http://localhost:4000"}
{"level":30,"time":"2023-10-16T17:22:51.864Z","pid":8072,"hostname":"DESKTOP-9MND26K","name":"app","msg":"Database connection successful"}
{"level":30,"time":"2023-10-16T17:22:51.941Z","pid":8072,"hostname":"DESKTOP-9MND26K","name":"app","msg":"Existing database used."}
{"level":30,"time":"2023-10-16T17:22:51.941Z","pid":8072,"hostname":"DESKTOP-9MND26K","name":"app","msg":"Cache Initiated"}
{"level":30,"time":"2023-10-16T17:22:51.954Z","pid":8072,"hostname":"DESKTOP-9MND26K","name":"app","msg":"Server running on http://localhost:4000"}
{"level":30,"time":"2023-10-16T17:22:59.039Z","pid":13576,"hostname":"DESKTOP-9MND26K","name":"app","msg":"Database connection successful"}
{"level":30,"time":"2023-10-16T17:22:59.115Z","pid":13576,"hostname":"DESKTOP-9MND26K","name":"app","msg":"Existing database used."}
{"level":30,"time":"2023-10-16T17:22:59.115Z","pid":13576,"hostname":"DESKTOP-9MND26K","name":"app","msg":"Cache Initiated"}
{"level":30,"time":"2023-10-16T17:22:59.128Z","pid":13576,"hostname":"DESKTOP-9MND26K","name":"app","msg":"Server running on http://localhost:4000"}
{"level":30,"time":"2023-10-16T17:23:15.379Z","pid":7660,"hostname":"DESKTOP-9MND26K","name":"app","msg":"Database connection successful"}
{"level":30,"time":"2023-10-16T17:23:15.455Z","pid":7660,"hostname":"DESKTOP-9MND26K","name":"app","msg":"Existing database used."}
{"level":30,"time":"2023-10-16T17:23:15.456Z","pid":7660,"hostname":"DESKTOP-9MND26K","name":"app","msg":"Cache Initiated"}
{"level":30,"time":"2023-10-16T17:23:15.470Z","pid":7660,"hostname":"DESKTOP-9MND26K","name":"app","msg":"Server running on http://localhost:4000"}
{"level":30,"time":"2023-10-16T17:23:19.629Z","pid":11116,"hostname":"DESKTOP-9MND26K","name":"app","msg":"Database connection successful"}
{"level":30,"time":"2023-10-16T17:23:19.705Z","pid":11116,"hostname":"DESKTOP-9MND26K","name":"app","msg":"Existing database used."}
{"level":30,"time":"2023-10-16T17:23:19.705Z","pid":11116,"hostname":"DESKTOP-9MND26K","name":"app","msg":"Cache Initiated"}
{"level":30,"time":"2023-10-16T17:23:19.718Z","pid":11116,"hostname":"DESKTOP-9MND26K","name":"app","msg":"Server running on http://localhost:4000"}
{"level":30,"time":"2023-10-16T17:24:11.311Z","pid":13416,"hostname":"DESKTOP-9MND26K","name":"app","msg":"Database connection successful"}
{"level":30,"time":"2023-10-16T17:24:11.389Z","pid":13416,"hostname":"DESKTOP-9MND26K","name":"app","msg":"Existing database used."}
{"level":30,"time":"2023-10-16T17:24:11.389Z","pid":13416,"hostname":"DESKTOP-9MND26K","name":"app","msg":"Cache Initiated"}
{"level":30,"time":"2023-10-16T17:24:11.401Z","pid":13416,"hostname":"DESKTOP-9MND26K","name":"app","msg":"Server running on http://localhost:4000"}
{"level":30,"time":"2023-10-16T17:25:00.158Z","pid":9716,"hostname":"DESKTOP-9MND26K","name":"app","msg":"Database connection successful"}
{"level":30,"time":"2023-10-16T17:25:00.242Z","pid":9716,"hostname":"DESKTOP-9MND26K","name":"app","msg":"Existing database used."}
{"level":30,"time":"2023-10-16T17:25:00.242Z","pid":9716,"hostname":"DESKTOP-9MND26K","name":"app","msg":"Cache Initiated"}
{"level":30,"time":"2023-10-16T17:25:00.257Z","pid":9716,"hostname":"DESKTOP-9MND26K","name":"app","msg":"Server running on http://localhost:4000"}
{"level":30,"time":"2023-10-16T17:25:05.084Z","pid":13760,"hostname":"DESKTOP-9MND26K","name":"app","msg":"Database connection successful"}
{"level":30,"time":"2023-10-16T17:25:05.159Z","pid":13760,"hostname":"DESKTOP-9MND26K","name":"app","msg":"Existing database used."}
{"level":30,"time":"2023-10-16T17:25:05.160Z","pid":13760,"hostname":"DESKTOP-9MND26K","name":"app","msg":"Cache Initiated"}
{"level":30,"time":"2023-10-16T17:25:05.172Z","pid":13760,"hostname":"DESKTOP-9MND26K","name":"app","msg":"Server running on http://localhost:4000"}
{"level":30,"time":"2023-10-16T17:25:38.222Z","pid":5480,"hostname":"DESKTOP-9MND26K","name":"app","msg":"Database connection successful"}
{"level":30,"time":"2023-10-16T17:25:38.314Z","pid":5480,"hostname":"DESKTOP-9MND26K","name":"app","msg":"Existing database used."}
{"level":30,"time":"2023-10-16T17:25:38.314Z","pid":5480,"hostname":"DESKTOP-9MND26K","name":"app","msg":"Cache Initiated"}
{"level":30,"time":"2023-10-16T17:25:38.327Z","pid":5480,"hostname":"DESKTOP-9MND26K","name":"app","msg":"Server running on http://localhost:4000"}
{"level":30,"time":"2023-10-16T17:26:40.360Z","pid":10168,"hostname":"DESKTOP-9MND26K","name":"app","msg":"Database connection successful"}
{"level":30,"time":"2023-10-16T17:26:40.451Z","pid":10168,"hostname":"DESKTOP-9MND26K","name":"app","msg":"Existing database used."}
{"level":30,"time":"2023-10-16T17:26:40.451Z","pid":10168,"hostname":"DESKTOP-9MND26K","name":"app","msg":"Cache Initiated"}
{"level":30,"time":"2023-10-16T17:26:40.464Z","pid":10168,"hostname":"DESKTOP-9MND26K","name":"app","msg":"Server running on http://localhost:4000"}
{"level":30,"time":"2023-10-16T17:27:20.463Z","pid":4508,"hostname":"DESKTOP-9MND26K","name":"app","msg":"Database connection successful"}
{"level":30,"time":"2023-10-16T17:27:20.536Z","pid":4508,"hostname":"DESKTOP-9MND26K","name":"app","msg":"Existing database used."}
{"level":30,"time":"2023-10-16T17:27:20.536Z","pid":4508,"hostname":"DESKTOP-9MND26K","name":"app","msg":"Cache Initiated"}
{"level":30,"time":"2023-10-16T17:27:20.548Z","pid":4508,"hostname":"DESKTOP-9MND26K","name":"app","msg":"Server running on http://localhost:4000"}
{"level":30,"time":"2023-10-16T17:28:43.483Z","pid":5036,"hostname":"DESKTOP-9MND26K","name":"app","msg":"Database connection successful"}
{"level":30,"time":"2023-10-16T17:28:43.558Z","pid":5036,"hostname":"DESKTOP-9MND26K","name":"app","msg":"Existing database used."}
{"level":30,"time":"2023-10-16T17:28:43.558Z","pid":5036,"hostname":"DESKTOP-9MND26K","name":"app","msg":"Cache Initiated"}
{"level":30,"time":"2023-10-16T17:28:43.570Z","pid":5036,"hostname":"DESKTOP-9MND26K","name":"app","msg":"Server running on http://localhost:4000"}
{"level":30,"time":"2023-10-16T17:28:58.250Z","pid":1408,"hostname":"DESKTOP-9MND26K","name":"app","msg":"Database connection successful"}
{"level":30,"time":"2023-10-16T17:28:58.356Z","pid":1408,"hostname":"DESKTOP-9MND26K","name":"app","msg":"Existing database used."}
{"level":30,"time":"2023-10-16T17:28:58.357Z","pid":1408,"hostname":"DESKTOP-9MND26K","name":"app","msg":"Cache Initiated"}
{"level":30,"time":"2023-10-16T17:28:58.377Z","pid":1408,"hostname":"DESKTOP-9MND26K","name":"app","msg":"Server running on http://localhost:4000"}
{"level":30,"time":"2023-10-16T17:29:59.331Z","pid":9028,"hostname":"DESKTOP-9MND26K","name":"app","msg":"Database connection successful"}
{"level":30,"time":"2023-10-16T17:29:59.410Z","pid":9028,"hostname":"DESKTOP-9MND26K","name":"app","msg":"Existing database used."}
{"level":30,"time":"2023-10-16T17:29:59.410Z","pid":9028,"hostname":"DESKTOP-9MND26K","name":"app","msg":"Cache Initiated"}
{"level":30,"time":"2023-10-16T17:29:59.423Z","pid":9028,"hostname":"DESKTOP-9MND26K","name":"app","msg":"Server running on http://localhost:4000"}
{"level":30,"time":"2023-10-16T17:30:19.152Z","pid":6000,"hostname":"DESKTOP-9MND26K","name":"app","msg":"Database connection successful"}
{"level":30,"time":"2023-10-16T17:30:19.713Z","pid":6000,"hostname":"DESKTOP-9MND26K","name":"app","msg":"Cache Initiated"}
{"level":30,"time":"2023-10-16T17:30:19.731Z","pid":6000,"hostname":"DESKTOP-9MND26K","name":"app","msg":"Server running on http://localhost:4000"}
{"level":30,"time":"2023-10-16T17:31:34.928Z","pid":11272,"hostname":"DESKTOP-9MND26K","name":"app","msg":"Database connection successful"}
{"level":30,"time":"2023-10-16T17:31:35.460Z","pid":11272,"hostname":"DESKTOP-9MND26K","name":"app","msg":"Cache Initiated"}
{"level":30,"time":"2023-10-16T17:31:35.472Z","pid":11272,"hostname":"DESKTOP-9MND26K","name":"app","msg":"Server running on http://localhost:4000"}
{"level":30,"time":"2023-10-16T17:31:58.440Z","pid":15172,"hostname":"DESKTOP-9MND26K","name":"app","msg":"Database connection successful"}
{"level":30,"time":"2023-10-16T17:31:58.991Z","pid":15172,"hostname":"DESKTOP-9MND26K","name":"app","msg":"Cache Initiated"}
{"level":30,"time":"2023-10-16T17:31:59.004Z","pid":15172,"hostname":"DESKTOP-9MND26K","name":"app","msg":"Server running on http://localhost:4000"}
{"level":30,"time":"2023-10-16T17:32:05.764Z","pid":14364,"hostname":"DESKTOP-9MND26K","name":"app","msg":"Database connection successful"}
{"level":30,"time":"2023-10-16T17:32:05.804Z","pid":14364,"hostname":"DESKTOP-9MND26K","name":"app","msg":"Existing database used."}
{"level":30,"time":"2023-10-16T17:32:05.804Z","pid":14364,"hostname":"DESKTOP-9MND26K","name":"app","msg":"Cache Initiated"}
{"level":30,"time":"2023-10-16T17:32:05.821Z","pid":14364,"hostname":"DESKTOP-9MND26K","name":"app","msg":"Server running on http://localhost:4000"}
{"level":30,"time":"2023-10-16T17:32:50.714Z","pid":6960,"hostname":"DESKTOP-9MND26K","name":"app","msg":"Database connection successful"}
{"level":30,"time":"2023-10-16T17:32:50.743Z","pid":6960,"hostname":"DESKTOP-9MND26K","name":"app","msg":"Existing database used."}
{"level":30,"time":"2023-10-16T17:32:50.743Z","pid":6960,"hostname":"DESKTOP-9MND26K","name":"app","msg":"Cache Initiated"}
{"level":30,"time":"2023-10-16T17:32:50.758Z","pid":6960,"hostname":"DESKTOP-9MND26K","name":"app","msg":"Server running on http://localhost:4000"}
{"level":30,"time":"2023-10-17T02:28:40.592Z","pid":17500,"hostname":"DESKTOP-9MND26K","name":"app","msg":"Database connection successful"}
{"level":30,"time":"2023-10-17T02:28:40.714Z","pid":17500,"hostname":"DESKTOP-9MND26K","name":"app","msg":"Existing database used."}
{"level":30,"time":"2023-10-17T02:28:40.714Z","pid":17500,"hostname":"DESKTOP-9MND26K","name":"app","msg":"Cache Initiated"}
{"level":30,"time":"2023-10-17T02:28:40.743Z","pid":17500,"hostname":"DESKTOP-9MND26K","name":"app","msg":"Server running on http://localhost:4000"}
{"level":30,"time":"2023-10-17T02:29:53.750Z","pid":6588,"hostname":"DESKTOP-9MND26K","name":"app","msg":"Database connection successful"}
{"level":30,"time":"2023-10-17T02:29:54.069Z","pid":6588,"hostname":"DESKTOP-9MND26K","name":"app","msg":"Existing database used."}
{"level":30,"time":"2023-10-17T02:29:54.069Z","pid":6588,"hostname":"DESKTOP-9MND26K","name":"app","msg":"Cache Initiated"}
{"level":30,"time":"2023-10-17T02:29:54.082Z","pid":6588,"hostname":"DESKTOP-9MND26K","name":"app","msg":"Server running on http://localhost:4000"}
{"level":30,"time":"2023-10-17T02:32:09.123Z","pid":17928,"hostname":"DESKTOP-9MND26K","name":"app","msg":"Database connection successful"}
{"level":30,"time":"2023-10-17T02:32:09.201Z","pid":17928,"hostname":"DESKTOP-9MND26K","name":"app","msg":"Existing database used."}
{"level":30,"time":"2023-10-17T02:32:09.201Z","pid":17928,"hostname":"DESKTOP-9MND26K","name":"app","msg":"Cache Initiated"}
{"level":30,"time":"2023-10-17T02:32:09.213Z","pid":17928,"hostname":"DESKTOP-9MND26K","name":"app","msg":"Server running on http://localhost:4000"}
{"level":30,"time":"2023-10-17T02:32:45.142Z","pid":4736,"hostname":"DESKTOP-9MND26K","name":"app","msg":"Database connection successful"}
{"level":30,"time":"2023-10-17T02:32:45.212Z","pid":4736,"hostname":"DESKTOP-9MND26K","name":"app","msg":"Existing database used."}
{"level":30,"time":"2023-10-17T02:32:45.212Z","pid":4736,"hostname":"DESKTOP-9MND26K","name":"app","msg":"Cache Initiated"}
{"level":30,"time":"2023-10-17T02:32:45.225Z","pid":4736,"hostname":"DESKTOP-9MND26K","name":"app","msg":"Server running on http://localhost:4000"}
{"level":30,"time":"2023-10-17T02:32:52.674Z","pid":7888,"hostname":"DESKTOP-9MND26K","name":"app","msg":"Database connection successful"}
{"level":30,"time":"2023-10-17T02:32:52.740Z","pid":7888,"hostname":"DESKTOP-9MND26K","name":"app","msg":"Existing database used."}
{"level":30,"time":"2023-10-17T02:32:52.740Z","pid":7888,"hostname":"DESKTOP-9MND26K","name":"app","msg":"Cache Initiated"}
{"level":30,"time":"2023-10-17T02:32:52.757Z","pid":7888,"hostname":"DESKTOP-9MND26K","name":"app","msg":"Server running on http://localhost:4000"}
{"level":30,"time":"2023-10-17T02:33:11.783Z","pid":15884,"hostname":"DESKTOP-9MND26K","name":"app","msg":"Database connection successful"}
{"level":30,"time":"2023-10-17T02:33:11.854Z","pid":15884,"hostname":"DESKTOP-9MND26K","name":"app","msg":"Existing database used."}
{"level":30,"time":"2023-10-17T02:33:11.854Z","pid":15884,"hostname":"DESKTOP-9MND26K","name":"app","msg":"Cache Initiated"}
{"level":30,"time":"2023-10-17T02:33:11.873Z","pid":15884,"hostname":"DESKTOP-9MND26K","name":"app","msg":"Server running on http://localhost:4000"}
{"level":30,"time":"2023-10-17T02:33:17.230Z","pid":6200,"hostname":"DESKTOP-9MND26K","name":"app","msg":"Database connection successful"}
{"level":30,"time":"2023-10-17T02:33:17.303Z","pid":6200,"hostname":"DESKTOP-9MND26K","name":"app","msg":"Existing database used."}
{"level":30,"time":"2023-10-17T02:33:17.304Z","pid":6200,"hostname":"DESKTOP-9MND26K","name":"app","msg":"Cache Initiated"}
{"level":30,"time":"2023-10-17T02:33:17.321Z","pid":6200,"hostname":"DESKTOP-9MND26K","name":"app","msg":"Server running on http://localhost:4000"}
{"level":30,"time":"2023-10-17T02:33:25.029Z","pid":16392,"hostname":"DESKTOP-9MND26K","name":"app","msg":"Database connection successful"}
{"level":30,"time":"2023-10-17T02:33:25.096Z","pid":16392,"hostname":"DESKTOP-9MND26K","name":"app","msg":"Existing database used."}
{"level":30,"time":"2023-10-17T02:33:25.096Z","pid":16392,"hostname":"DESKTOP-9MND26K","name":"app","msg":"Cache Initiated"}
{"level":30,"time":"2023-10-17T02:33:25.114Z","pid":16392,"hostname":"DESKTOP-9MND26K","name":"app","msg":"Server running on http://localhost:4000"}
{"level":30,"time":"2023-10-17T02:33:49.028Z","pid":12600,"hostname":"DESKTOP-9MND26K","name":"app","msg":"Database connection successful"}
{"level":30,"time":"2023-10-17T02:33:49.121Z","pid":12600,"hostname":"DESKTOP-9MND26K","name":"app","msg":"Existing database used."}
{"level":30,"time":"2023-10-17T02:33:49.121Z","pid":12600,"hostname":"DESKTOP-9MND26K","name":"app","msg":"Cache Initiated"}
{"level":30,"time":"2023-10-17T02:33:49.133Z","pid":12600,"hostname":"DESKTOP-9MND26K","name":"app","msg":"Server running on http://localhost:4000"}
{"level":30,"time":"2023-10-17T02:34:37.283Z","pid":1744,"hostname":"DESKTOP-9MND26K","name":"app","msg":"Database connection successful"}
{"level":30,"time":"2023-10-17T02:34:37.376Z","pid":1744,"hostname":"DESKTOP-9MND26K","name":"app","msg":"Existing database used."}
{"level":30,"time":"2023-10-17T02:34:37.376Z","pid":1744,"hostname":"DESKTOP-9MND26K","name":"app","msg":"Cache Initiated"}
{"level":30,"time":"2023-10-17T02:34:37.390Z","pid":1744,"hostname":"DESKTOP-9MND26K","name":"app","msg":"Server running on http://localhost:4000"}
{"level":30,"time":"2023-10-17T02:35:16.616Z","pid":8104,"hostname":"DESKTOP-9MND26K","name":"app","msg":"Database connection successful"}
{"level":30,"time":"2023-10-17T02:35:16.708Z","pid":8104,"hostname":"DESKTOP-9MND26K","name":"app","msg":"Existing database used."}
{"level":30,"time":"2023-10-17T02:35:16.709Z","pid":8104,"hostname":"DESKTOP-9MND26K","name":"app","msg":"Cache Initiated"}
{"level":30,"time":"2023-10-17T02:35:16.721Z","pid":8104,"hostname":"DESKTOP-9MND26K","name":"app","msg":"Server running on http://localhost:4000"}
{"level":30,"time":"2023-10-17T02:36:38.510Z","pid":10344,"hostname":"DESKTOP-9MND26K","name":"app","msg":"Database connection successful"}
{"level":30,"time":"2023-10-17T02:36:38.608Z","pid":10344,"hostname":"DESKTOP-9MND26K","name":"app","msg":"Existing database used."}
{"level":30,"time":"2023-10-17T02:36:38.609Z","pid":10344,"hostname":"DESKTOP-9MND26K","name":"app","msg":"Cache Initiated"}
{"level":30,"time":"2023-10-17T02:36:38.622Z","pid":10344,"hostname":"DESKTOP-9MND26K","name":"app","msg":"Server running on http://localhost:4000"}
{"level":30,"time":"2023-10-17T02:36:48.197Z","pid":15452,"hostname":"DESKTOP-9MND26K","name":"app","msg":"Database connection successful"}
{"level":30,"time":"2023-10-17T02:36:48.285Z","pid":15452,"hostname":"DESKTOP-9MND26K","name":"app","msg":"Existing database used."}
{"level":30,"time":"2023-10-17T02:36:48.286Z","pid":15452,"hostname":"DESKTOP-9MND26K","name":"app","msg":"Cache Initiated"}
{"level":30,"time":"2023-10-17T02:36:48.299Z","pid":15452,"hostname":"DESKTOP-9MND26K","name":"app","msg":"Server running on http://localhost:4000"}
{"level":30,"time":"2023-10-17T02:37:19.526Z","pid":14040,"hostname":"DESKTOP-9MND26K","name":"app","msg":"Database connection successful"}
{"level":30,"time":"2023-10-17T02:37:19.634Z","pid":14040,"hostname":"DESKTOP-9MND26K","name":"app","msg":"Existing database used."}
{"level":30,"time":"2023-10-17T02:37:19.634Z","pid":14040,"hostname":"DESKTOP-9MND26K","name":"app","msg":"Cache Initiated"}
{"level":30,"time":"2023-10-17T02:37:19.652Z","pid":14040,"hostname":"DESKTOP-9MND26K","name":"app","msg":"Server running on http://localhost:4000"}
{"level":30,"time":"2023-10-17T02:37:41.039Z","pid":17704,"hostname":"DESKTOP-9MND26K","name":"app","msg":"Database connection successful"}
{"level":30,"time":"2023-10-17T02:37:41.144Z","pid":17704,"hostname":"DESKTOP-9MND26K","name":"app","msg":"Existing database used."}
{"level":30,"time":"2023-10-17T02:37:41.145Z","pid":17704,"hostname":"DESKTOP-9MND26K","name":"app","msg":"Cache Initiated"}
{"level":30,"time":"2023-10-17T02:37:41.161Z","pid":17704,"hostname":"DESKTOP-9MND26K","name":"app","msg":"Server running on http://localhost:4000"}
{"level":30,"time":"2023-10-17T02:37:57.221Z","pid":284,"hostname":"DESKTOP-9MND26K","name":"app","msg":"Database connection successful"}
{"level":30,"time":"2023-10-17T02:37:57.335Z","pid":284,"hostname":"DESKTOP-9MND26K","name":"app","msg":"Existing database used."}
{"level":30,"time":"2023-10-17T02:37:57.336Z","pid":284,"hostname":"DESKTOP-9MND26K","name":"app","msg":"Cache Initiated"}
{"level":30,"time":"2023-10-17T02:37:57.347Z","pid":284,"hostname":"DESKTOP-9MND26K","name":"app","msg":"Server running on http://localhost:4000"}
{"level":30,"time":"2023-10-17T02:38:26.372Z","pid":18216,"hostname":"DESKTOP-9MND26K","name":"app","msg":"Database connection successful"}
{"level":30,"time":"2023-10-17T02:38:26.480Z","pid":18216,"hostname":"DESKTOP-9MND26K","name":"app","msg":"Existing database used."}
{"level":30,"time":"2023-10-17T02:38:26.480Z","pid":18216,"hostname":"DESKTOP-9MND26K","name":"app","msg":"Cache Initiated"}
{"level":30,"time":"2023-10-17T02:38:26.492Z","pid":18216,"hostname":"DESKTOP-9MND26K","name":"app","msg":"Server running on http://localhost:4000"}
{"level":30,"time":"2023-10-17T02:40:27.903Z","pid":8412,"hostname":"DESKTOP-9MND26K","name":"app","msg":"Database connection successful"}
{"level":30,"time":"2023-10-17T02:40:27.993Z","pid":8412,"hostname":"DESKTOP-9MND26K","name":"app","msg":"Existing database used."}
{"level":30,"time":"2023-10-17T02:40:27.993Z","pid":8412,"hostname":"DESKTOP-9MND26K","name":"app","msg":"Cache Initiated"}
{"level":30,"time":"2023-10-17T02:40:28.005Z","pid":8412,"hostname":"DESKTOP-9MND26K","name":"app","msg":"Server running on http://localhost:4000"}
{"level":30,"time":"2023-10-17T02:41:47.063Z","pid":7052,"hostname":"DESKTOP-9MND26K","name":"app","msg":"Database connection successful"}
{"level":30,"time":"2023-10-17T02:41:47.172Z","pid":7052,"hostname":"DESKTOP-9MND26K","name":"app","msg":"Existing database used."}
{"level":30,"time":"2023-10-17T02:41:47.172Z","pid":7052,"hostname":"DESKTOP-9MND26K","name":"app","msg":"Cache Initiated"}
{"level":30,"time":"2023-10-17T02:41:47.186Z","pid":7052,"hostname":"DESKTOP-9MND26K","name":"app","msg":"Server running on http://localhost:4000"}
{"level":30,"time":"2023-10-17T02:41:58.702Z","pid":8116,"hostname":"DESKTOP-9MND26K","name":"app","msg":"Database connection successful"}
{"level":30,"time":"2023-10-17T02:41:58.795Z","pid":8116,"hostname":"DESKTOP-9MND26K","name":"app","msg":"Existing database used."}
{"level":30,"time":"2023-10-17T02:41:58.795Z","pid":8116,"hostname":"DESKTOP-9MND26K","name":"app","msg":"Cache Initiated"}
{"level":30,"time":"2023-10-17T02:41:58.808Z","pid":8116,"hostname":"DESKTOP-9MND26K","name":"app","msg":"Server running on http://localhost:4000"}
{"level":30,"time":"2023-10-17T02:42:29.681Z","pid":4088,"hostname":"DESKTOP-9MND26K","name":"app","msg":"Database connection successful"}
{"level":30,"time":"2023-10-17T02:42:29.815Z","pid":4088,"hostname":"DESKTOP-9MND26K","name":"app","msg":"Existing database used."}
{"level":30,"time":"2023-10-17T02:42:29.815Z","pid":4088,"hostname":"DESKTOP-9MND26K","name":"app","msg":"Cache Initiated"}
{"level":30,"time":"2023-10-17T02:42:29.827Z","pid":4088,"hostname":"DESKTOP-9MND26K","name":"app","msg":"Server running on http://localhost:4000"}
{"level":30,"time":"2023-10-17T02:42:42.426Z","pid":17208,"hostname":"DESKTOP-9MND26K","name":"app","msg":"Database connection successful"}
{"level":30,"time":"2023-10-17T02:42:42.526Z","pid":17208,"hostname":"DESKTOP-9MND26K","name":"app","msg":"Existing database used."}
{"level":30,"time":"2023-10-17T02:42:42.527Z","pid":17208,"hostname":"DESKTOP-9MND26K","name":"app","msg":"Cache Initiated"}
{"level":30,"time":"2023-10-17T02:42:42.539Z","pid":17208,"hostname":"DESKTOP-9MND26K","name":"app","msg":"Server running on http://localhost:4000"}
{"level":30,"time":"2023-10-17T02:42:50.331Z","pid":12004,"hostname":"DESKTOP-9MND26K","name":"app","msg":"Database connection successful"}
{"level":30,"time":"2023-10-17T02:42:50.435Z","pid":12004,"hostname":"DESKTOP-9MND26K","name":"app","msg":"Existing database used."}
{"level":30,"time":"2023-10-17T02:42:50.435Z","pid":12004,"hostname":"DESKTOP-9MND26K","name":"app","msg":"Cache Initiated"}
{"level":30,"time":"2023-10-17T02:42:50.447Z","pid":12004,"hostname":"DESKTOP-9MND26K","name":"app","msg":"Server running on http://localhost:4000"}
{"level":30,"time":"2023-10-17T02:42:55.885Z","pid":14300,"hostname":"DESKTOP-9MND26K","name":"app","msg":"Database connection successful"}
{"level":30,"time":"2023-10-17T02:42:55.990Z","pid":14300,"hostname":"DESKTOP-9MND26K","name":"app","msg":"Existing database used."}
{"level":30,"time":"2023-10-17T02:42:55.990Z","pid":14300,"hostname":"DESKTOP-9MND26K","name":"app","msg":"Cache Initiated"}
{"level":30,"time":"2023-10-17T02:42:56.002Z","pid":14300,"hostname":"DESKTOP-9MND26K","name":"app","msg":"Server running on http://localhost:4000"}
{"level":30,"time":"2023-10-17T02:43:10.623Z","pid":9748,"hostname":"DESKTOP-9MND26K","name":"app","msg":"Database connection successful"}
{"level":30,"time":"2023-10-17T02:43:10.735Z","pid":9748,"hostname":"DESKTOP-9MND26K","name":"app","msg":"Existing database used."}
{"level":30,"time":"2023-10-17T02:43:10.736Z","pid":9748,"hostname":"DESKTOP-9MND26K","name":"app","msg":"Cache Initiated"}
{"level":30,"time":"2023-10-17T02:43:10.750Z","pid":9748,"hostname":"DESKTOP-9MND26K","name":"app","msg":"Server running on http://localhost:4000"}
{"level":30,"time":"2023-10-17T02:43:35.190Z","pid":18024,"hostname":"DESKTOP-9MND26K","name":"app","msg":"Database connection successful"}
{"level":30,"time":"2023-10-17T02:43:35.296Z","pid":18024,"hostname":"DESKTOP-9MND26K","name":"app","msg":"Existing database used."}
{"level":30,"time":"2023-10-17T02:43:35.297Z","pid":18024,"hostname":"DESKTOP-9MND26K","name":"app","msg":"Cache Initiated"}
{"level":30,"time":"2023-10-17T02:43:35.309Z","pid":18024,"hostname":"DESKTOP-9MND26K","name":"app","msg":"Server running on http://localhost:4000"}
{"level":30,"time":"2023-10-17T02:43:39.875Z","pid":17060,"hostname":"DESKTOP-9MND26K","name":"app","msg":"Database connection successful"}
{"level":30,"time":"2023-10-17T02:43:40.000Z","pid":17060,"hostname":"DESKTOP-9MND26K","name":"app","msg":"Existing database used."}
{"level":30,"time":"2023-10-17T02:43:40.001Z","pid":17060,"hostname":"DESKTOP-9MND26K","name":"app","msg":"Cache Initiated"}
{"level":30,"time":"2023-10-17T02:43:40.015Z","pid":17060,"hostname":"DESKTOP-9MND26K","name":"app","msg":"Server running on http://localhost:4000"}
{"level":30,"time":"2023-10-17T02:43:46.370Z","pid":15884,"hostname":"DESKTOP-9MND26K","name":"app","msg":"Database connection successful"}
{"level":30,"time":"2023-10-17T02:43:46.475Z","pid":15884,"hostname":"DESKTOP-9MND26K","name":"app","msg":"Existing database used."}
{"level":30,"time":"2023-10-17T02:43:46.475Z","pid":15884,"hostname":"DESKTOP-9MND26K","name":"app","msg":"Cache Initiated"}
{"level":30,"time":"2023-10-17T02:43:46.487Z","pid":15884,"hostname":"DESKTOP-9MND26K","name":"app","msg":"Server running on http://localhost:4000"}
{"level":30,"time":"2023-10-17T02:44:14.034Z","pid":2232,"hostname":"DESKTOP-9MND26K","name":"app","msg":"Database connection successful"}
{"level":30,"time":"2023-10-17T02:44:14.167Z","pid":2232,"hostname":"DESKTOP-9MND26K","name":"app","msg":"Existing database used."}
{"level":30,"time":"2023-10-17T02:44:14.167Z","pid":2232,"hostname":"DESKTOP-9MND26K","name":"app","msg":"Cache Initiated"}
{"level":30,"time":"2023-10-17T02:44:14.181Z","pid":2232,"hostname":"DESKTOP-9MND26K","name":"app","msg":"Server running on http://localhost:4000"}
{"level":30,"time":"2023-10-17T02:44:42.893Z","pid":8116,"hostname":"DESKTOP-9MND26K","name":"app","msg":"Database connection successful"}
{"level":30,"time":"2023-10-17T02:44:43.029Z","pid":8116,"hostname":"DESKTOP-9MND26K","name":"app","msg":"Existing database used."}
{"level":30,"time":"2023-10-17T02:44:43.029Z","pid":8116,"hostname":"DESKTOP-9MND26K","name":"app","msg":"Cache Initiated"}
{"level":30,"time":"2023-10-17T02:44:43.041Z","pid":8116,"hostname":"DESKTOP-9MND26K","name":"app","msg":"Server running on http://localhost:4000"}
{"level":30,"time":"2023-10-17T02:44:53.981Z","pid":18220,"hostname":"DESKTOP-9MND26K","name":"app","msg":"Database connection successful"}
{"level":30,"time":"2023-10-17T02:44:54.123Z","pid":18220,"hostname":"DESKTOP-9MND26K","name":"app","msg":"Existing database used."}
{"level":30,"time":"2023-10-17T02:44:54.123Z","pid":18220,"hostname":"DESKTOP-9MND26K","name":"app","msg":"Cache Initiated"}
{"level":30,"time":"2023-10-17T02:44:54.135Z","pid":18220,"hostname":"DESKTOP-9MND26K","name":"app","msg":"Server running on http://localhost:4000"}
{"level":30,"time":"2023-10-17T02:47:33.213Z","pid":13760,"hostname":"DESKTOP-9MND26K","name":"app","msg":"Database connection successful"}
{"level":30,"time":"2023-10-17T02:47:33.354Z","pid":13760,"hostname":"DESKTOP-9MND26K","name":"app","msg":"Existing database used."}
{"level":30,"time":"2023-10-17T02:47:33.354Z","pid":13760,"hostname":"DESKTOP-9MND26K","name":"app","msg":"Cache Initiated"}
{"level":30,"time":"2023-10-17T02:47:33.367Z","pid":13760,"hostname":"DESKTOP-9MND26K","name":"app","msg":"Server running on http://localhost:4000"}
{"level":30,"time":"2023-10-17T02:47:38.418Z","pid":6660,"hostname":"DESKTOP-9MND26K","name":"app","msg":"Database connection successful"}
{"level":30,"time":"2023-10-17T02:47:38.569Z","pid":6660,"hostname":"DESKTOP-9MND26K","name":"app","msg":"Existing database used."}
{"level":30,"time":"2023-10-17T02:47:38.570Z","pid":6660,"hostname":"DESKTOP-9MND26K","name":"app","msg":"Cache Initiated"}
{"level":30,"time":"2023-10-17T02:47:38.586Z","pid":6660,"hostname":"DESKTOP-9MND26K","name":"app","msg":"Server running on http://localhost:4000"}
{"level":30,"time":"2023-10-17T02:47:43.011Z","pid":15544,"hostname":"DESKTOP-9MND26K","name":"app","msg":"Database connection successful"}
{"level":30,"time":"2023-10-17T02:47:43.134Z","pid":15544,"hostname":"DESKTOP-9MND26K","name":"app","msg":"Existing database used."}
{"level":30,"time":"2023-10-17T02:47:43.134Z","pid":15544,"hostname":"DESKTOP-9MND26K","name":"app","msg":"Cache Initiated"}
{"level":30,"time":"2023-10-17T02:47:43.147Z","pid":15544,"hostname":"DESKTOP-9MND26K","name":"app","msg":"Server running on http://localhost:4000"}
{"level":30,"time":"2023-10-17T02:55:10.885Z","pid":13892,"hostname":"DESKTOP-9MND26K","name":"app","msg":"Database connection successful"}
{"level":30,"time":"2023-10-17T02:55:11.002Z","pid":13892,"hostname":"DESKTOP-9MND26K","name":"app","msg":"Existing database used."}
{"level":30,"time":"2023-10-17T02:55:11.002Z","pid":13892,"hostname":"DESKTOP-9MND26K","name":"app","msg":"Cache Initiated"}
{"level":30,"time":"2023-10-17T02:55:11.016Z","pid":13892,"hostname":"DESKTOP-9MND26K","name":"app","msg":"Server running on http://localhost:4000"}
{"level":30,"time":"2023-10-17T02:55:29.680Z","pid":9356,"hostname":"DESKTOP-9MND26K","name":"app","msg":"Database connection successful"}
{"level":30,"time":"2023-10-17T02:55:29.794Z","pid":9356,"hostname":"DESKTOP-9MND26K","name":"app","msg":"Existing database used."}
{"level":30,"time":"2023-10-17T02:55:29.795Z","pid":9356,"hostname":"DESKTOP-9MND26K","name":"app","msg":"Cache Initiated"}
{"level":30,"time":"2023-10-17T02:55:29.807Z","pid":9356,"hostname":"DESKTOP-9MND26K","name":"app","msg":"Server running on http://localhost:4000"}
{"level":30,"time":"2023-10-17T02:55:52.120Z","pid":10504,"hostname":"DESKTOP-9MND26K","name":"app","msg":"Database connection successful"}
{"level":30,"time":"2023-10-17T02:55:52.245Z","pid":10504,"hostname":"DESKTOP-9MND26K","name":"app","msg":"Existing database used."}
{"level":30,"time":"2023-10-17T02:55:52.246Z","pid":10504,"hostname":"DESKTOP-9MND26K","name":"app","msg":"Cache Initiated"}
{"level":30,"time":"2023-10-17T02:55:52.258Z","pid":10504,"hostname":"DESKTOP-9MND26K","name":"app","msg":"Server running on http://localhost:4000"}
{"level":30,"time":"2023-10-17T02:55:56.594Z","pid":1532,"hostname":"DESKTOP-9MND26K","name":"app","msg":"Database connection successful"}
{"level":30,"time":"2023-10-17T02:55:56.704Z","pid":1532,"hostname":"DESKTOP-9MND26K","name":"app","msg":"Existing database used."}
{"level":30,"time":"2023-10-17T02:55:56.704Z","pid":1532,"hostname":"DESKTOP-9MND26K","name":"app","msg":"Cache Initiated"}
{"level":30,"time":"2023-10-17T02:55:56.716Z","pid":1532,"hostname":"DESKTOP-9MND26K","name":"app","msg":"Server running on http://localhost:4000"}
{"level":30,"time":"2023-10-17T02:56:02.434Z","pid":2516,"hostname":"DESKTOP-9MND26K","name":"app","msg":"Database connection successful"}
{"level":30,"time":"2023-10-17T02:56:02.548Z","pid":2516,"hostname":"DESKTOP-9MND26K","name":"app","msg":"Existing database used."}
{"level":30,"time":"2023-10-17T02:56:02.548Z","pid":2516,"hostname":"DESKTOP-9MND26K","name":"app","msg":"Cache Initiated"}
{"level":30,"time":"2023-10-17T02:56:02.561Z","pid":2516,"hostname":"DESKTOP-9MND26K","name":"app","msg":"Server running on http://localhost:4000"}
{"level":30,"time":"2023-10-17T02:56:10.792Z","pid":17568,"hostname":"DESKTOP-9MND26K","name":"app","msg":"Database connection successful"}
{"level":30,"time":"2023-10-17T02:56:10.908Z","pid":17568,"hostname":"DESKTOP-9MND26K","name":"app","msg":"Existing database used."}
{"level":30,"time":"2023-10-17T02:56:10.908Z","pid":17568,"hostname":"DESKTOP-9MND26K","name":"app","msg":"Cache Initiated"}
{"level":30,"time":"2023-10-17T02:56:10.924Z","pid":17568,"hostname":"DESKTOP-9MND26K","name":"app","msg":"Server running on http://localhost:4000"}
{"level":30,"time":"2023-10-17T02:56:16.186Z","pid":10460,"hostname":"DESKTOP-9MND26K","name":"app","msg":"Database connection successful"}
{"level":30,"time":"2023-10-17T02:56:16.319Z","pid":10460,"hostname":"DESKTOP-9MND26K","name":"app","msg":"Existing database used."}
{"level":30,"time":"2023-10-17T02:56:16.319Z","pid":10460,"hostname":"DESKTOP-9MND26K","name":"app","msg":"Cache Initiated"}
{"level":30,"time":"2023-10-17T02:56:16.333Z","pid":10460,"hostname":"DESKTOP-9MND26K","name":"app","msg":"Server running on http://localhost:4000"}
{"level":30,"time":"2023-10-17T02:56:34.924Z","pid":15544,"hostname":"DESKTOP-9MND26K","name":"app","msg":"Database connection successful"}
{"level":30,"time":"2023-10-17T02:56:35.071Z","pid":15544,"hostname":"DESKTOP-9MND26K","name":"app","msg":"Existing database used."}
{"level":30,"time":"2023-10-17T02:56:35.071Z","pid":15544,"hostname":"DESKTOP-9MND26K","name":"app","msg":"Cache Initiated"}
{"level":30,"time":"2023-10-17T02:56:35.084Z","pid":15544,"hostname":"DESKTOP-9MND26K","name":"app","msg":"Server running on http://localhost:4000"}
{"level":30,"time":"2023-10-17T02:58:11.279Z","pid":12536,"hostname":"DESKTOP-9MND26K","name":"app","msg":"Database connection successful"}
{"level":30,"time":"2023-10-17T02:58:11.566Z","pid":12536,"hostname":"DESKTOP-9MND26K","name":"app","msg":"User seeding completed successfully."}
{"level":30,"time":"2023-10-17T02:58:11.599Z","pid":12536,"hostname":"DESKTOP-9MND26K","name":"app","msg":"Existing database used."}
{"level":30,"time":"2023-10-17T02:58:11.600Z","pid":12536,"hostname":"DESKTOP-9MND26K","name":"app","msg":"Cache Initiated"}
{"level":30,"time":"2023-10-17T02:58:11.612Z","pid":12536,"hostname":"DESKTOP-9MND26K","name":"app","msg":"Server running on http://localhost:4000"}
{"level":30,"time":"2023-10-17T02:58:42.122Z","pid":12768,"hostname":"DESKTOP-9MND26K","name":"app","msg":"Database connection successful"}
{"level":30,"time":"2023-10-17T02:58:42.638Z","pid":12768,"hostname":"DESKTOP-9MND26K","name":"app","msg":"User seeding completed successfully."}
{"level":30,"time":"2023-10-17T02:58:42.712Z","pid":12768,"hostname":"DESKTOP-9MND26K","name":"app","msg":"Existing database used."}
{"level":30,"time":"2023-10-17T02:58:42.712Z","pid":12768,"hostname":"DESKTOP-9MND26K","name":"app","msg":"Cache Initiated"}
{"level":30,"time":"2023-10-17T02:58:42.725Z","pid":12768,"hostname":"DESKTOP-9MND26K","name":"app","msg":"Server running on http://localhost:4000"}
{"level":30,"time":"2023-10-17T02:59:04.981Z","pid":15448,"hostname":"DESKTOP-9MND26K","name":"app","msg":"Database connection successful"}
{"level":30,"time":"2023-10-17T02:59:05.118Z","pid":15448,"hostname":"DESKTOP-9MND26K","name":"app","msg":"Existing database used."}
{"level":30,"time":"2023-10-17T02:59:05.118Z","pid":15448,"hostname":"DESKTOP-9MND26K","name":"app","msg":"Cache Initiated"}
{"level":30,"time":"2023-10-17T02:59:05.135Z","pid":15448,"hostname":"DESKTOP-9MND26K","name":"app","msg":"Server running on http://localhost:4000"}
{"level":30,"time":"2023-10-17T03:01:44.801Z","pid":12112,"hostname":"DESKTOP-9MND26K","name":"app","msg":"Database connection successful"}
{"level":30,"time":"2023-10-17T03:01:44.902Z","pid":12112,"hostname":"DESKTOP-9MND26K","name":"app","msg":"Existing database used."}
{"level":30,"time":"2023-10-17T03:01:44.902Z","pid":12112,"hostname":"DESKTOP-9MND26K","name":"app","msg":"Cache Initiated"}
{"level":30,"time":"2023-10-17T03:01:44.914Z","pid":12112,"hostname":"DESKTOP-9MND26K","name":"app","msg":"Server running on http://localhost:4000"}
{"level":30,"time":"2023-10-17T03:02:15.053Z","pid":16552,"hostname":"DESKTOP-9MND26K","name":"app","msg":"Database connection successful"}
{"level":30,"time":"2023-10-17T03:02:15.158Z","pid":16552,"hostname":"DESKTOP-9MND26K","name":"app","msg":"Existing database used."}
{"level":30,"time":"2023-10-17T03:02:15.158Z","pid":16552,"hostname":"DESKTOP-9MND26K","name":"app","msg":"Cache Initiated"}
{"level":30,"time":"2023-10-17T03:02:15.170Z","pid":16552,"hostname":"DESKTOP-9MND26K","name":"app","msg":"Server running on http://localhost:4000"}
{"level":30,"time":"2023-10-17T16:53:12.254Z","pid":15484,"hostname":"DESKTOP-9MND26K","name":"app","msg":"Database connection successful"}
{"level":30,"time":"2023-10-17T16:53:12.548Z","pid":15484,"hostname":"DESKTOP-9MND26K","name":"app","msg":"Existing database used."}
{"level":30,"time":"2023-10-17T16:53:12.549Z","pid":15484,"hostname":"DESKTOP-9MND26K","name":"app","msg":"Cache Initiated"}
{"level":30,"time":"2023-10-17T16:53:12.562Z","pid":15484,"hostname":"DESKTOP-9MND26K","name":"app","msg":"Server running on http://localhost:4000"}
{"level":30,"time":"2023-10-20T00:12:26.763Z","pid":8172,"hostname":"DESKTOP-9MND26K","name":"app","msg":"Database connection successful"}
{"level":30,"time":"2023-10-20T00:12:26.881Z","pid":8172,"hostname":"DESKTOP-9MND26K","name":"app","msg":"Existing database used."}
{"level":30,"time":"2023-10-20T00:12:26.881Z","pid":8172,"hostname":"DESKTOP-9MND26K","name":"app","msg":"Cache Initiated"}
{"level":30,"time":"2023-10-20T00:12:26.895Z","pid":8172,"hostname":"DESKTOP-9MND26K","name":"app","msg":"Server running on http://localhost:4000"}
{"level":30,"time":"2023-10-20T00:14:26.678Z","pid":17040,"hostname":"DESKTOP-9MND26K","name":"app","msg":"Database connection successful"}
{"level":30,"time":"2023-10-20T00:14:26.789Z","pid":17040,"hostname":"DESKTOP-9MND26K","name":"app","msg":"Existing database used."}
{"level":30,"time":"2023-10-20T00:14:26.789Z","pid":17040,"hostname":"DESKTOP-9MND26K","name":"app","msg":"Cache Initiated"}
{"level":30,"time":"2023-10-20T00:14:26.801Z","pid":17040,"hostname":"DESKTOP-9MND26K","name":"app","msg":"Server running on http://localhost:4000"}
{"level":30,"time":"2023-10-20T00:18:26.404Z","pid":17752,"hostname":"DESKTOP-9MND26K","name":"app","msg":"Database connection successful"}
{"level":30,"time":"2023-10-20T00:18:26.507Z","pid":17752,"hostname":"DESKTOP-9MND26K","name":"app","msg":"Existing database used."}
{"level":30,"time":"2023-10-20T00:18:26.507Z","pid":17752,"hostname":"DESKTOP-9MND26K","name":"app","msg":"Cache Initiated"}
{"level":30,"time":"2023-10-20T00:18:26.519Z","pid":17752,"hostname":"DESKTOP-9MND26K","name":"app","msg":"Server running on http://localhost:4000"}
{"level":30,"time":"2023-10-20T00:20:04.646Z","pid":17456,"hostname":"DESKTOP-9MND26K","name":"app","msg":"Database connection successful"}
{"level":30,"time":"2023-10-20T00:20:05.016Z","pid":17456,"hostname":"DESKTOP-9MND26K","name":"app","msg":"User seeding completed successfully."}
{"level":30,"time":"2023-10-20T00:20:05.053Z","pid":17456,"hostname":"DESKTOP-9MND26K","name":"app","msg":"Existing database used."}
{"level":30,"time":"2023-10-20T00:20:05.054Z","pid":17456,"hostname":"DESKTOP-9MND26K","name":"app","msg":"Cache Initiated"}
{"level":30,"time":"2023-10-20T00:20:05.069Z","pid":17456,"hostname":"DESKTOP-9MND26K","name":"app","msg":"Server running on http://localhost:4000"}
{"level":30,"time":"2023-10-20T00:21:28.056Z","pid":11268,"hostname":"DESKTOP-9MND26K","name":"app","msg":"Database connection successful"}
{"level":30,"time":"2023-10-20T00:21:28.582Z","pid":11268,"hostname":"DESKTOP-9MND26K","name":"app","msg":"User seeding completed successfully."}
{"level":30,"time":"2023-10-20T00:21:28.659Z","pid":11268,"hostname":"DESKTOP-9MND26K","name":"app","msg":"Existing database used."}
{"level":30,"time":"2023-10-20T00:21:28.660Z","pid":11268,"hostname":"DESKTOP-9MND26K","name":"app","msg":"Cache Initiated"}
{"level":30,"time":"2023-10-20T00:21:28.671Z","pid":11268,"hostname":"DESKTOP-9MND26K","name":"app","msg":"Server running on http://localhost:4000"}
